CRITICAL - 2022-03-16 12:57:04 --> Invalid file: css.php
#0 C:\wamp64\www\CarStore\system\View\View.php(198): CodeIgniter\Exceptions\FrameworkException::forInvalidFile('css.php')
#1 C:\wamp64\www\CarStore\system\Common.php(1089): CodeIgniter\View\View->render('css', Array, true)
#2 C:\wamp64\www\CarStore\app\Controllers\Home.php(16): view('css')
#3 C:\wamp64\www\CarStore\system\CodeIgniter.php(825): App\Controllers\Home->page('css', 'login.css')
#4 C:\wamp64\www\CarStore\system\CodeIgniter.php(412): CodeIgniter\CodeIgniter->runController(Object(App\Controllers\Home))
#5 C:\wamp64\www\CarStore\system\CodeIgniter.php(320): CodeIgniter\CodeIgniter->handleRequest(NULL, Object(Config\Cache), false)
#6 C:\wamp64\www\CarStore\public\index.php(37): CodeIgniter\CodeIgniter->run()
#7 C:\wamp64\www\CarStore\system\Commands\Server\rewrite.php(43): require_once('C:\\wamp64\\www\\C...')
#8 {main}
CRITICAL - 2022-03-16 12:58:01 --> Invalid file: css.php
#0 C:\wamp64\www\CarStore\system\View\View.php(198): CodeIgniter\Exceptions\FrameworkException::forInvalidFile('css.php')
#1 C:\wamp64\www\CarStore\system\Common.php(1089): CodeIgniter\View\View->render('css', Array, true)
#2 C:\wamp64\www\CarStore\app\Controllers\Home.php(16): view('css')
#3 C:\wamp64\www\CarStore\system\CodeIgniter.php(825): App\Controllers\Home->page('css', 'login.css')
#4 C:\wamp64\www\CarStore\system\CodeIgniter.php(412): CodeIgniter\CodeIgniter->runController(Object(App\Controllers\Home))
#5 C:\wamp64\www\CarStore\system\CodeIgniter.php(320): CodeIgniter\CodeIgniter->handleRequest(NULL, Object(Config\Cache), false)
#6 C:\wamp64\www\CarStore\public\index.php(37): CodeIgniter\CodeIgniter->run()
#7 C:\wamp64\www\CarStore\system\Commands\Server\rewrite.php(43): require_once('C:\\wamp64\\www\\C...')
#8 {main}
CRITICAL - 2022-03-16 12:58:08 --> Invalid file: css.php
#0 C:\wamp64\www\CarStore\system\View\View.php(198): CodeIgniter\Exceptions\FrameworkException::forInvalidFile('css.php')
#1 C:\wamp64\www\CarStore\system\Common.php(1089): CodeIgniter\View\View->render('css', Array, true)
#2 C:\wamp64\www\CarStore\app\Controllers\Home.php(16): view('css')
#3 C:\wamp64\www\CarStore\system\CodeIgniter.php(825): App\Controllers\Home->page('css', 'login.css')
#4 C:\wamp64\www\CarStore\system\CodeIgniter.php(412): CodeIgniter\CodeIgniter->runController(Object(App\Controllers\Home))
#5 C:\wamp64\www\CarStore\system\CodeIgniter.php(320): CodeIgniter\CodeIgniter->handleRequest(NULL, Object(Config\Cache), false)
#6 C:\wamp64\www\CarStore\public\index.php(37): CodeIgniter\CodeIgniter->run()
#7 C:\wamp64\www\CarStore\system\Commands\Server\rewrite.php(43): require_once('C:\\wamp64\\www\\C...')
#8 {main}
